2020.12.11 12:56:39 INFO  Started: Metals version 0.9.7 in workspace 'C:\Users\KIIT\Documents\JSTube' for client vscode.
2020.12.11 12:56:40 INFO  time: initialize in 0.8s
2020.12.11 12:56:41 WARN  Build server is not auto-connectable.
2020.12.11 12:56:41 WARN  no build tool detected in workspace 'C:\Users\KIIT\Documents\JSTube'. The most common cause for this problem is that the editor was opened in the wrong working directory, for example if you use sbt then the workspace directory should contain build.sbt. 
Dec 11, 2020 2:46:29 PM org.eclipse.lsp4j.jsonrpc.services.GenericEndpoint notify
INFO: Unsupported notification method: $/setTraceNotification
Dec 11, 2020 2:46:30 PM org.eclipse.lsp4j.jsonrpc.services.GenericEndpoint notify
INFO: Unsupported notification method: $/setTraceNotification
Dec 11, 2020 2:46:33 PM org.eclipse.lsp4j.jsonrpc.services.GenericEndpoint notify
INFO: Unsupported notification method: $/setTraceNotification
Dec 11, 2020 2:47:47 PM org.eclipse.lsp4j.jsonrpc.services.GenericEndpoint notify
INFO: Unsupported notification method: $/setTraceNotification
2020.12.11 14:51:23 INFO  shutting down Metals
2020.12.13 15:57:49 INFO  Started: Metals version 0.9.7 in workspace 'C:\Users\KIIT\Documents\JSTube' for client vscode.
2020.12.13 15:57:50 INFO  time: initialize in 1.17s
2020.12.13 15:57:52 WARN  Build server is not auto-connectable.
2020.12.13 15:57:52 WARN  no build tool detected in workspace 'C:\Users\KIIT\Documents\JSTube'. The most common cause for this problem is that the editor was opened in the wrong working directory, for example if you use sbt then the workspace directory should contain build.sbt. 
Dec 13, 2020 6:12:52 PM org.eclipse.lsp4j.jsonrpc.services.GenericEndpoint notify
INFO: Unsupported notification method: $/setTraceNotification
Dec 13, 2020 6:25:38 PM org.eclipse.lsp4j.jsonrpc.services.GenericEndpoint notify
INFO: Unsupported notification method: $/setTraceNotification
Dec 13, 2020 6:26:44 PM org.eclipse.lsp4j.jsonrpc.services.GenericEndpoint notify
INFO: Unsupported notification method: $/setTraceNotification
Dec 13, 2020 6:27:12 PM org.eclipse.lsp4j.jsonrpc.services.GenericEndpoint notify
INFO: Unsupported notification method: $/setTraceNotification
2020.12.13 18:27:18 INFO  shutting down Metals
2020.12.22 17:30:19 INFO  Started: Metals version 0.9.7 in workspace 'C:\Users\KIIT\Documents\JSTube' for client vscode.
2020.12.22 17:30:19 INFO  time: initialize in 0.46s
2020.12.22 17:30:20 WARN  Build server is not auto-connectable.
2020.12.22 17:30:20 WARN  no build tool detected in workspace 'C:\Users\KIIT\Documents\JSTube'. The most common cause for this problem is that the editor was opened in the wrong working directory, for example if you use sbt then the workspace directory should contain build.sbt. 
2020.12.23 16:59:51 INFO  shutting down Metals
